[debug] [2022-11-09T03:36:09.652Z] ----------------------------------------------------------------------
[debug] [2022-11-09T03:36:09.653Z] Command:       /usr/local/bin/node /usr/local/bin/firebase deploy --only functions
[debug] [2022-11-09T03:36:09.653Z] CLI Version:   11.16.0
[debug] [2022-11-09T03:36:09.653Z] Platform:      darwin
[debug] [2022-11-09T03:36:09.653Z] Node Version:  v16.18.0
[debug] [2022-11-09T03:36:09.657Z] Time:          Wed Nov 09 2022 10:36:09 GMT+0700 (Indochina Time)
[debug] [2022-11-09T03:36:09.657Z] ----------------------------------------------------------------------
[debug] 
[debug] [2022-11-09T03:36:09.688Z] > command requires scopes: ["email","openid","https://www.googleapis.com/auth/cloudplatformprojects.readonly","https://www.googleapis.com/auth/firebase","https://www.googleapis.com/auth/cloud-platform"]
[debug] [2022-11-09T03:36:09.689Z] > authorizing via signed-in user (petkub2543@gmail.com)
[debug] [2022-11-09T03:36:09.689Z] [iam] checking project gamesuggestionproject for permissions ["cloudfunctions.functions.create","cloudfunctions.functions.delete","cloudfunctions.functions.get","cloudfunctions.functions.list","cloudfunctions.functions.update","cloudfunctions.operations.get","firebase.projects.get"]
[debug] [2022-11-09T03:36:09.690Z] > refreshing access token with scopes: []
[debug] [2022-11-09T03:36:09.691Z] >>> [apiv2][query] POST https://www.googleapis.com/oauth2/v3/token [none]
[debug] [2022-11-09T03:36:09.691Z] >>> [apiv2][body] POST https://www.googleapis.com/oauth2/v3/token [omitted]
[debug] [2022-11-09T03:36:09.852Z] <<< [apiv2][status] POST https://www.googleapis.com/oauth2/v3/token 200
[debug] [2022-11-09T03:36:09.852Z] <<< [apiv2][body] POST https://www.googleapis.com/oauth2/v3/token [omitted]
[debug] [2022-11-09T03:36:09.864Z] >>> [apiv2][query] POST https://cloudresourcemanager.googleapis.com/v1/projects/gamesuggestionproject:testIamPermissions [none]
[debug] [2022-11-09T03:36:09.865Z] >>> [apiv2][(partial)header] POST https://cloudresourcemanager.googleapis.com/v1/projects/gamesuggestionproject:testIamPermissions x-goog-quota-user=projects/gamesuggestionproject
[debug] [2022-11-09T03:36:09.865Z] >>> [apiv2][body] POST https://cloudresourcemanager.googleapis.com/v1/projects/gamesuggestionproject:testIamPermissions {"permissions":["cloudfunctions.functions.create","cloudfunctions.functions.delete","cloudfunctions.functions.get","cloudfunctions.functions.list","cloudfunctions.functions.update","cloudfunctions.operations.get","firebase.projects.get"]}
[debug] [2022-11-09T03:36:11.082Z] <<< [apiv2][status] POST https://cloudresourcemanager.googleapis.com/v1/projects/gamesuggestionproject:testIamPermissions 200
[debug] [2022-11-09T03:36:11.082Z] <<< [apiv2][body] POST https://cloudresourcemanager.googleapis.com/v1/projects/gamesuggestionproject:testIamPermissions {"permissions":["cloudfunctions.functions.create","cloudfunctions.functions.delete","cloudfunctions.functions.get","cloudfunctions.functions.list","cloudfunctions.functions.update","cloudfunctions.operations.get","firebase.projects.get"]}
[debug] [2022-11-09T03:36:11.083Z] >>> [apiv2][query] POST https://iam.googleapis.com/v1/projects/gamesuggestionproject/serviceAccounts/gamesuggestionproject@appspot.gserviceaccount.com:testIamPermissions [none]
[debug] [2022-11-09T03:36:11.083Z] >>> [apiv2][body] POST https://iam.googleapis.com/v1/projects/gamesuggestionproject/serviceAccounts/gamesuggestionproject@appspot.gserviceaccount.com:testIamPermissions {"permissions":["iam.serviceAccounts.actAs"]}
[debug] [2022-11-09T03:36:12.326Z] <<< [apiv2][status] POST https://iam.googleapis.com/v1/projects/gamesuggestionproject/serviceAccounts/gamesuggestionproject@appspot.gserviceaccount.com:testIamPermissions 200
[debug] [2022-11-09T03:36:12.326Z] <<< [apiv2][body] POST https://iam.googleapis.com/v1/projects/gamesuggestionproject/serviceAccounts/gamesuggestionproject@appspot.gserviceaccount.com:testIamPermissions {"permissions":["iam.serviceAccounts.actAs"]}
[info] 
[info] === Deploying to 'gamesuggestionproject'...
[info] 
[info] i  deploying functions 
[debug] [2022-11-09T03:36:12.332Z] >>> [apiv2][query] GET https://firebase.googleapis.com/v1beta1/projects/gamesuggestionproject [none]
[debug] [2022-11-09T03:36:12.789Z] <<< [apiv2][status] GET https://firebase.googleapis.com/v1beta1/projects/gamesuggestionproject 200
[debug] [2022-11-09T03:36:12.789Z] <<< [apiv2][body] GET https://firebase.googleapis.com/v1beta1/projects/gamesuggestionproject {"projectId":"gamesuggestionproject","projectNumber":"381284167023","displayName":"gameSuggestionProject","name":"projects/gamesuggestionproject","resources":{"hostingSite":"gamesuggestionproject","storageBucket":"gamesuggestionproject.appspot.com","locationId":"asia-southeast1"},"state":"ACTIVE","etag":"1_7a513483-30c0-4f78-a615-2fc18f274615"}
[info] i  functions: ensuring required API cloudfunctions.googleapis.com is enabled... 
[info] i  functions: ensuring required API cloudbuild.googleapis.com is enabled... 
[info] i  artifactregistry: ensuring required API artifactregistry.googleapis.com is enabled... 
[debug] [2022-11-09T03:36:12.791Z] >>> [apiv2][query] GET https://serviceusage.googleapis.com/v1/projects/gamesuggestionproject/services/cloudfunctions.googleapis.com [none]
[debug] [2022-11-09T03:36:12.791Z] >>> [apiv2][(partial)header] GET https://serviceusage.googleapis.com/v1/projects/gamesuggestionproject/services/cloudfunctions.googleapis.com x-goog-quota-user=projects/gamesuggestionproject
[debug] [2022-11-09T03:36:12.792Z] >>> [apiv2][query] GET https://serviceusage.googleapis.com/v1/projects/gamesuggestionproject/services/runtimeconfig.googleapis.com [none]
[debug] [2022-11-09T03:36:12.793Z] >>> [apiv2][(partial)header] GET https://serviceusage.googleapis.com/v1/projects/gamesuggestionproject/services/runtimeconfig.googleapis.com x-goog-quota-user=projects/gamesuggestionproject
[debug] [2022-11-09T03:36:12.794Z] >>> [apiv2][query] GET https://serviceusage.googleapis.com/v1/projects/gamesuggestionproject/services/cloudbuild.googleapis.com [none]
[debug] [2022-11-09T03:36:12.794Z] >>> [apiv2][(partial)header] GET https://serviceusage.googleapis.com/v1/projects/gamesuggestionproject/services/cloudbuild.googleapis.com x-goog-quota-user=projects/gamesuggestionproject
[debug] [2022-11-09T03:36:12.795Z] >>> [apiv2][query] GET https://serviceusage.googleapis.com/v1/projects/gamesuggestionproject/services/artifactregistry.googleapis.com [none]
[debug] [2022-11-09T03:36:12.795Z] >>> [apiv2][(partial)header] GET https://serviceusage.googleapis.com/v1/projects/gamesuggestionproject/services/artifactregistry.googleapis.com x-goog-quota-user=projects/gamesuggestionproject
[debug] [2022-11-09T03:36:14.477Z] <<< [apiv2][status] GET https://serviceusage.googleapis.com/v1/projects/gamesuggestionproject/services/runtimeconfig.googleapis.com 200
[debug] [2022-11-09T03:36:14.478Z] <<< [apiv2][body] GET https://serviceusage.googleapis.com/v1/projects/gamesuggestionproject/services/runtimeconfig.googleapis.com [omitted]
[debug] [2022-11-09T03:36:14.479Z] <<< [apiv2][status] GET https://serviceusage.googleapis.com/v1/projects/gamesuggestionproject/services/artifactregistry.googleapis.com 200
[debug] [2022-11-09T03:36:14.479Z] <<< [apiv2][body] GET https://serviceusage.googleapis.com/v1/projects/gamesuggestionproject/services/artifactregistry.googleapis.com [omitted]
[info] ✔  artifactregistry: required API artifactregistry.googleapis.com is enabled 
[debug] [2022-11-09T03:36:14.481Z] <<< [apiv2][status] GET https://serviceusage.googleapis.com/v1/projects/gamesuggestionproject/services/cloudbuild.googleapis.com 200
[debug] [2022-11-09T03:36:14.481Z] <<< [apiv2][body] GET https://serviceusage.googleapis.com/v1/projects/gamesuggestionproject/services/cloudbuild.googleapis.com [omitted]
[info] ✔  functions: required API cloudbuild.googleapis.com is enabled 
[debug] [2022-11-09T03:36:14.483Z] <<< [apiv2][status] GET https://serviceusage.googleapis.com/v1/projects/gamesuggestionproject/services/cloudfunctions.googleapis.com 200
[debug] [2022-11-09T03:36:14.483Z] <<< [apiv2][body] GET https://serviceusage.googleapis.com/v1/projects/gamesuggestionproject/services/cloudfunctions.googleapis.com [omitted]
[info] ✔  functions: required API cloudfunctions.googleapis.com is enabled 
[debug] [2022-11-09T03:36:14.483Z] >>> [apiv2][query] GET https://firebase.googleapis.com/v1beta1/projects/gamesuggestionproject/adminSdkConfig [none]
[debug] [2022-11-09T03:36:14.876Z] <<< [apiv2][status] GET https://firebase.googleapis.com/v1beta1/projects/gamesuggestionproject/adminSdkConfig 200
[debug] [2022-11-09T03:36:14.876Z] <<< [apiv2][body] GET https://firebase.googleapis.com/v1beta1/projects/gamesuggestionproject/adminSdkConfig {"projectId":"gamesuggestionproject","storageBucket":"gamesuggestionproject.appspot.com","locationId":"asia-southeast1"}
[debug] [2022-11-09T03:36:14.877Z] >>> [apiv2][query] GET https://runtimeconfig.googleapis.com/v1beta1/projects/gamesuggestionproject/configs [none]
[debug] [2022-11-09T03:36:15.299Z] <<< [apiv2][status] GET https://runtimeconfig.googleapis.com/v1beta1/projects/gamesuggestionproject/configs 200
[debug] [2022-11-09T03:36:15.299Z] <<< [apiv2][body] GET https://runtimeconfig.googleapis.com/v1beta1/projects/gamesuggestionproject/configs {}
[info] i  functions: preparing codebase default for deployment 
[debug] [2022-11-09T03:36:15.302Z] Validating nodejs source
[debug] [2022-11-09T03:36:16.213Z] > [functions] package.json contents: {
  "name": "functions",
  "description": "Cloud Functions for Firebase",
  "scripts": {
    "serve": "firebase emulators:start --only functions",
    "shell": "firebase functions:shell",
    "start": "npm run shell",
    "deploy": "firebase deploy --only functions",
    "logs": "firebase functions:log"
  },
  "engines": {
    "node": "16"
  },
  "main": "index.js",
  "dependencies": {
    "dialogflow-fulfillment": "^0.6.1",
    "firebase-admin": "^10.3.0",
    "firebase-functions": "^4.0.2",
    "request": "^2.88.2",
    "request-promise": "^4.2.6",
    "seedrandom": "^3.0.5"
  },
  "devDependencies": {
    "firebase-functions-test": "^0.2.0"
  },
  "private": true
}
[debug] [2022-11-09T03:36:16.213Z] Building nodejs source
[debug] [2022-11-09T03:36:16.214Z] Could not find functions.yaml. Must use http discovery
[debug] [2022-11-09T03:36:16.347Z] Serving at port 9005

[debug] [2022-11-09T03:36:16.792Z] Got response from /__/functions.yaml {"endpoints":{"webhook":{"platform":"gcfv1","availableMemoryMb":2048,"timeoutSeconds":10,"minInstances":null,"maxInstances":null,"ingressSettings":null,"serviceAccountEmail":null,"vpc":null,"region":["asia-southeast1"],"httpsTrigger":{},"entryPoint":"webhook"}},"specVersion":"v1alpha1","requiredAPIs":[]}
[debug] [2022-11-09T03:36:16.797Z] shutdown requested via /__/quitquitquit

[info] i  functions: preparing functions directory for uploading... 
[info] i  functions: packaged /Users/buktep/Documents/GitHub/chatbotGameSuggestion/functions (82.7 KB) for uploading 
[debug] [2022-11-09T03:36:16.831Z] >>> [apiv2][query] GET https://cloudfunctions.googleapis.com/v1/projects/gamesuggestionproject/locations/-/functions [none]
[debug] [2022-11-09T03:36:17.510Z] <<< [apiv2][status] GET https://cloudfunctions.googleapis.com/v1/projects/gamesuggestionproject/locations/-/functions 200
[debug] [2022-11-09T03:36:17.511Z] <<< [apiv2][body] GET https://cloudfunctions.googleapis.com/v1/projects/gamesuggestionproject/locations/-/functions {"functions":[{"name":"projects/gamesuggestionproject/locations/asia-southeast1/functions/webhook","httpsTrigger":{"url":"https://asia-southeast1-gamesuggestionproject.cloudfunctions.net/webhook","securityLevel":"SECURE_ALWAYS"},"status":"ACTIVE","entryPoint":"webhook","timeout":"10s","availableMemoryMb":2048,"serviceAccountEmail":"gamesuggestionproject@appspot.gserviceaccount.com","updateTime":"2022-11-08T17:32:06.669Z","versionId":"207","labels":{"deployment-tool":"cli-firebase","firebase-functions-hash":"ab4c75efe2d704ff2185e656d6de5fbdcad3fbc6"},"sourceUploadUrl":"https://storage.googleapis.com/uploads-1067199164099.asia-southeast1.cloudfunctions.appspot.com/e559bf2d-cb4d-4209-83a7-72ae6fde453b.zip","environmentVariables":{"FIREBASE_CONFIG":"{\"projectId\":\"gamesuggestionproject\",\"storageBucket\":\"gamesuggestionproject.appspot.com\",\"locationId\":\"asia-southeast1\"}","GCLOUD_PROJECT":"gamesuggestionproject","EVENTARC_CLOUD_EVENT_SOURCE":"projects/gamesuggestionproject/locations/asia-southeast1/functions/webhook"},"runtime":"nodejs16","ingressSettings":"ALLOW_ALL","buildId":"e267fcc8-3e6b-459f-be20-302e0d660697","buildName":"projects/381284167023/locations/asia-southeast1/builds/e267fcc8-3e6b-459f-be20-302e0d660697","dockerRegistry":"ARTIFACT_REGISTRY"}]}
[debug] [2022-11-09T03:36:17.513Z] >>> [apiv2][query] GET https://cloudfunctions.googleapis.com/v2/projects/gamesuggestionproject/locations/-/functions filter=environment%3D%22GEN_2%22
[debug] [2022-11-09T03:36:19.188Z] <<< [apiv2][status] GET https://cloudfunctions.googleapis.com/v2/projects/gamesuggestionproject/locations/-/functions 200
[debug] [2022-11-09T03:36:19.188Z] <<< [apiv2][body] GET https://cloudfunctions.googleapis.com/v2/projects/gamesuggestionproject/locations/-/functions {}
[debug] [2022-11-09T03:36:19.195Z] >>> [apiv2][query] GET https://firebase.googleapis.com/v1beta1/projects/gamesuggestionproject [none]
[debug] [2022-11-09T03:36:19.544Z] <<< [apiv2][status] GET https://firebase.googleapis.com/v1beta1/projects/gamesuggestionproject 200
[debug] [2022-11-09T03:36:19.544Z] <<< [apiv2][body] GET https://firebase.googleapis.com/v1beta1/projects/gamesuggestionproject {"projectId":"gamesuggestionproject","projectNumber":"381284167023","displayName":"gameSuggestionProject","name":"projects/gamesuggestionproject","resources":{"hostingSite":"gamesuggestionproject","storageBucket":"gamesuggestionproject.appspot.com","locationId":"asia-southeast1"},"state":"ACTIVE","etag":"1_7a513483-30c0-4f78-a615-2fc18f274615"}
[debug] [2022-11-09T03:36:19.546Z] >>> [apiv2][query] POST https://cloudfunctions.googleapis.com/v1/projects/gamesuggestionproject/locations/asia-southeast1/functions:generateUploadUrl [none]
[debug] [2022-11-09T03:36:19.546Z] >>> [apiv2][body] POST https://cloudfunctions.googleapis.com/v1/projects/gamesuggestionproject/locations/asia-southeast1/functions:generateUploadUrl {}
[debug] [2022-11-09T03:36:20.976Z] <<< [apiv2][status] POST https://cloudfunctions.googleapis.com/v1/projects/gamesuggestionproject/locations/asia-southeast1/functions:generateUploadUrl 200
[debug] [2022-11-09T03:36:20.976Z] <<< [apiv2][body] POST https://cloudfunctions.googleapis.com/v1/projects/gamesuggestionproject/locations/asia-southeast1/functions:generateUploadUrl {"uploadUrl":"https://storage.googleapis.com/uploads-1067199164099.asia-southeast1.cloudfunctions.appspot.com/983375e2-bf28-40cf-b6e3-0b2fb9a7a5e1.zip?GoogleAccessId=service-381284167023@gcf-admin-robot.iam.gserviceaccount.com&Expires=1667966779&Signature=kXcpk9wXTlw1pvuwsDvTyN9i3TTmEttxaXmfzSbxx%2BStRFH4MmFmuwNjz1%2BX8M4fKQgJ%2BeniLCjmmlGp4rFqEUP5Vxxvxwa5DwAWyj2SnPwwnfnOwWnisCrMjF8Howm2vh5ghGifFfJ3RNZWyXbLX%2F8bM9Hev%2BPKqUubQEGpvXUDfKmRYvQDSYzwhNk0cOoeGkzUMBG2xFBjTb%2F87bZcMSFvPWAHIPRvNA5B4IQGETP56i6ihKHbblEz2X1CZAKj5qt790zAzgCpNR26SXOVEdt%2BYEOO8IntyH8MyyxODmIiX28iradjRZM26nzdVO8XSo%2B5FPqtsC%2BPjI93FNbjQw%3D%3D"}
[debug] [2022-11-09T03:36:20.977Z] >>> [apiv2][query] PUT https://storage.googleapis.com/uploads-1067199164099.asia-southeast1.cloudfunctions.appspot.com/983375e2-bf28-40cf-b6e3-0b2fb9a7a5e1.zip GoogleAccessId=service-381284167023%40gcf-admin-robot.iam.gserviceaccount.com&Expires=1667966779&Signature=kXcpk9wXTlw1pvuwsDvTyN9i3TTmEttxaXmfzSbxx%2BStRFH4MmFmuwNjz1%2BX8M4fKQgJ%2BeniLCjmmlGp4rFqEUP5Vxxvxwa5DwAWyj2SnPwwnfnOwWnisCrMjF8Howm2vh5ghGifFfJ3RNZWyXbLX%2F8bM9Hev%2BPKqUubQEGpvXUDfKmRYvQDSYzwhNk0cOoeGkzUMBG2xFBjTb%2F87bZcMSFvPWAHIPRvNA5B4IQGETP56i6ihKHbblEz2X1CZAKj5qt790zAzgCpNR26SXOVEdt%2BYEOO8IntyH8MyyxODmIiX28iradjRZM26nzdVO8XSo%2B5FPqtsC%2BPjI93FNbjQw%3D%3D
[debug] [2022-11-09T03:36:20.977Z] >>> [apiv2][body] PUT https://storage.googleapis.com/uploads-1067199164099.asia-southeast1.cloudfunctions.appspot.com/983375e2-bf28-40cf-b6e3-0b2fb9a7a5e1.zip [stream]
[debug] [2022-11-09T03:36:21.241Z] <<< [apiv2][status] PUT https://storage.googleapis.com/uploads-1067199164099.asia-southeast1.cloudfunctions.appspot.com/983375e2-bf28-40cf-b6e3-0b2fb9a7a5e1.zip 200
[debug] [2022-11-09T03:36:21.241Z] <<< [apiv2][body] PUT https://storage.googleapis.com/uploads-1067199164099.asia-southeast1.cloudfunctions.appspot.com/983375e2-bf28-40cf-b6e3-0b2fb9a7a5e1.zip [omitted]
[info] ✔  functions: functions folder uploaded successfully 
[info] i  functions: updating Node.js 16 function webhook(asia-southeast1)... 
[debug] [2022-11-09T03:36:21.247Z] >>> [apiv2][query] PATCH https://cloudfunctions.googleapis.com/v1/projects/gamesuggestionproject/locations/asia-southeast1/functions/webhook updateMask=name%2CsourceUploadUrl%2CentryPoint%2Cruntime%2CdockerRegistry%2Clabels%2ChttpsTrigger.securityLevel%2CminInstances%2CmaxInstances%2CingressSettings%2CenvironmentVariables%2CserviceAccountEmail%2CavailableMemoryMb%2Ctimeout%2CvpcConnector%2CvpcConnectorEgressSettings%2CsourceToken
[debug] [2022-11-09T03:36:21.247Z] >>> [apiv2][body] PATCH https://cloudfunctions.googleapis.com/v1/projects/gamesuggestionproject/locations/asia-southeast1/functions/webhook {"name":"projects/gamesuggestionproject/locations/asia-southeast1/functions/webhook","sourceUploadUrl":"https://storage.googleapis.com/uploads-1067199164099.asia-southeast1.cloudfunctions.appspot.com/983375e2-bf28-40cf-b6e3-0b2fb9a7a5e1.zip?GoogleAccessId=service-381284167023@gcf-admin-robot.iam.gserviceaccount.com&Expires=1667966779&Signature=kXcpk9wXTlw1pvuwsDvTyN9i3TTmEttxaXmfzSbxx%2BStRFH4MmFmuwNjz1%2BX8M4fKQgJ%2BeniLCjmmlGp4rFqEUP5Vxxvxwa5DwAWyj2SnPwwnfnOwWnisCrMjF8Howm2vh5ghGifFfJ3RNZWyXbLX%2F8bM9Hev%2BPKqUubQEGpvXUDfKmRYvQDSYzwhNk0cOoeGkzUMBG2xFBjTb%2F87bZcMSFvPWAHIPRvNA5B4IQGETP56i6ihKHbblEz2X1CZAKj5qt790zAzgCpNR26SXOVEdt%2BYEOO8IntyH8MyyxODmIiX28iradjRZM26nzdVO8XSo%2B5FPqtsC%2BPjI93FNbjQw%3D%3D","entryPoint":"webhook","runtime":"nodejs16","dockerRegistry":"ARTIFACT_REGISTRY","labels":{"deployment-tool":"cli-firebase","firebase-functions-hash":"d63edd9f7cf7d9f80978eb8253cd4aa5398139f5"},"httpsTrigger":{"securityLevel":"SECURE_ALWAYS"},"minInstances":null,"maxInstances":null,"ingressSettings":null,"environmentVariables":{"FIREBASE_CONFIG":"{\"projectId\":\"gamesuggestionproject\",\"storageBucket\":\"gamesuggestionproject.appspot.com\",\"locationId\":\"asia-southeast1\"}","GCLOUD_PROJECT":"gamesuggestionproject","EVENTARC_CLOUD_EVENT_SOURCE":"projects/gamesuggestionproject/locations/asia-southeast1/functions/webhook"},"serviceAccountEmail":null,"availableMemoryMb":2048,"timeout":"10s","vpcConnector":null,"vpcConnectorEgressSettings":null}
[debug] [2022-11-09T03:36:21.850Z] <<< [apiv2][status] PATCH https://cloudfunctions.googleapis.com/v1/projects/gamesuggestionproject/locations/asia-southeast1/functions/webhook 200
[debug] [2022-11-09T03:36:21.851Z] <<< [apiv2][body] PATCH https://cloudfunctions.googleapis.com/v1/projects/gamesuggestionproject/locations/asia-southeast1/functions/webhook {"name":"operations/Z2FtZXN1Z2dlc3Rpb25wcm9qZWN0L2FzaWEtc291dGhlYXN0MS93ZWJob29rL2lTaFdHeTFCVlJz","metadata":{"@type":"type.googleapis.com/google.cloud.functions.v1.OperationMetadataV1","target":"projects/gamesuggestionproject/locations/asia-southeast1/functions/webhook","type":"UPDATE_FUNCTION","request":{"@type":"type.googleapis.com/google.cloud.functions.v1.CloudFunction","name":"projects/gamesuggestionproject/locations/asia-southeast1/functions/webhook","httpsTrigger":{"url":"https://asia-southeast1-gamesuggestionproject.cloudfunctions.net/webhook","securityLevel":"SECURE_ALWAYS"},"status":"ACTIVE","entryPoint":"webhook","timeout":"10s","availableMemoryMb":2048,"updateTime":"2022-11-08T17:32:06.669Z","versionId":"207","labels":{"deployment-tool":"cli-firebase","firebase-functions-hash":"d63edd9f7cf7d9f80978eb8253cd4aa5398139f5"},"sourceUploadUrl":"https://storage.googleapis.com/uploads-1067199164099.asia-southeast1.cloudfunctions.appspot.com/983375e2-bf28-40cf-b6e3-0b2fb9a7a5e1.zip?GoogleAccessId=service-381284167023@gcf-admin-robot.iam.gserviceaccount.com&Expires=1667966779&Signature=kXcpk9wXTlw1pvuwsDvTyN9i3TTmEttxaXmfzSbxx%2BStRFH4MmFmuwNjz1%2BX8M4fKQgJ%2BeniLCjmmlGp4rFqEUP5Vxxvxwa5DwAWyj2SnPwwnfnOwWnisCrMjF8Howm2vh5ghGifFfJ3RNZWyXbLX%2F8bM9Hev%2BPKqUubQEGpvXUDfKmRYvQDSYzwhNk0cOoeGkzUMBG2xFBjTb%2F87bZcMSFvPWAHIPRvNA5B4IQGETP56i6ihKHbblEz2X1CZAKj5qt790zAzgCpNR26SXOVEdt%2BYEOO8IntyH8MyyxODmIiX28iradjRZM26nzdVO8XSo%2B5FPqtsC%2BPjI93FNbjQw%3D%3D","environmentVariables":{"FIREBASE_CONFIG":"{\"projectId\":\"gamesuggestionproject\",\"storageBucket\":\"gamesuggestionproject.appspot.com\",\"locationId\":\"asia-southeast1\"}","GCLOUD_PROJECT":"gamesuggestionproject","EVENTARC_CLOUD_EVENT_SOURCE":"projects/gamesuggestionproject/locations/asia-southeast1/functions/webhook"},"runtime":"nodejs16","buildId":"e267fcc8-3e6b-459f-be20-302e0d660697","buildName":"projects/381284167023/locations/asia-southeast1/builds/e267fcc8-3e6b-459f-be20-302e0d660697","dockerRegistry":"ARTIFACT_REGISTRY"},"versionId":"208","updateTime":"2022-11-09T03:36:20Z"}}
[debug] [2022-11-09T03:36:21.852Z] >>> [apiv2][query] GET https://cloudfunctions.googleapis.com/v1/operations/Z2FtZXN1Z2dlc3Rpb25wcm9qZWN0L2FzaWEtc291dGhlYXN0MS93ZWJob29rL2lTaFdHeTFCVlJz [none]
[debug] [2022-11-09T03:36:22.050Z] <<< [apiv2][status] GET https://cloudfunctions.googleapis.com/v1/operations/Z2FtZXN1Z2dlc3Rpb25wcm9qZWN0L2FzaWEtc291dGhlYXN0MS93ZWJob29rL2lTaFdHeTFCVlJz 200
[debug] [2022-11-09T03:36:22.050Z] <<< [apiv2][body] GET https://cloudfunctions.googleapis.com/v1/operations/Z2FtZXN1Z2dlc3Rpb25wcm9qZWN0L2FzaWEtc291dGhlYXN0MS93ZWJob29rL2lTaFdHeTFCVlJz {"name":"operations/Z2FtZXN1Z2dlc3Rpb25wcm9qZWN0L2FzaWEtc291dGhlYXN0MS93ZWJob29rL2lTaFdHeTFCVlJz","metadata":{"@type":"type.googleapis.com/google.cloud.functions.v1.OperationMetadataV1","target":"projects/gamesuggestionproject/locations/asia-southeast1/functions/webhook","type":"UPDATE_FUNCTION","request":{"@type":"type.googleapis.com/google.cloud.functions.v1.CloudFunction","name":"projects/gamesuggestionproject/locations/asia-southeast1/functions/webhook","httpsTrigger":{"url":"https://asia-southeast1-gamesuggestionproject.cloudfunctions.net/webhook","securityLevel":"SECURE_ALWAYS"},"status":"ACTIVE","entryPoint":"webhook","timeout":"10s","availableMemoryMb":2048,"updateTime":"2022-11-08T17:32:06.669Z","versionId":"207","labels":{"deployment-tool":"cli-firebase","firebase-functions-hash":"d63edd9f7cf7d9f80978eb8253cd4aa5398139f5"},"sourceUploadUrl":"https://storage.googleapis.com/uploads-1067199164099.asia-southeast1.cloudfunctions.appspot.com/983375e2-bf28-40cf-b6e3-0b2fb9a7a5e1.zip?GoogleAccessId=service-381284167023@gcf-admin-robot.iam.gserviceaccount.com&Expires=1667966779&Signature=kXcpk9wXTlw1pvuwsDvTyN9i3TTmEttxaXmfzSbxx%2BStRFH4MmFmuwNjz1%2BX8M4fKQgJ%2BeniLCjmmlGp4rFqEUP5Vxxvxwa5DwAWyj2SnPwwnfnOwWnisCrMjF8Howm2vh5ghGifFfJ3RNZWyXbLX%2F8bM9Hev%2BPKqUubQEGpvXUDfKmRYvQDSYzwhNk0cOoeGkzUMBG2xFBjTb%2F87bZcMSFvPWAHIPRvNA5B4IQGETP56i6ihKHbblEz2X1CZAKj5qt790zAzgCpNR26SXOVEdt%2BYEOO8IntyH8MyyxODmIiX28iradjRZM26nzdVO8XSo%2B5FPqtsC%2BPjI93FNbjQw%3D%3D","environmentVariables":{"FIREBASE_CONFIG":"{\"projectId\":\"gamesuggestionproject\",\"storageBucket\":\"gamesuggestionproject.appspot.com\",\"locationId\":\"asia-southeast1\"}","GCLOUD_PROJECT":"gamesuggestionproject","EVENTARC_CLOUD_EVENT_SOURCE":"projects/gamesuggestionproject/locations/asia-southeast1/functions/webhook"},"runtime":"nodejs16","buildId":"e267fcc8-3e6b-459f-be20-302e0d660697","buildName":"projects/381284167023/locations/asia-southeast1/builds/e267fcc8-3e6b-459f-be20-302e0d660697","dockerRegistry":"ARTIFACT_REGISTRY"},"versionId":"208","updateTime":"2022-11-09T03:36:20Z"}}
